[08-Aug-2022 10:46:36 UTC] PHP Fatal error:  Uncaught ReflectionException: Method ElementorPro\Modules\ThemeBuilder\Documents\Section::get_site_editor_type() does not exist in /home/netridig/public_html/escard.ge/wp-content/plugins/elementor-pro/modules/theme-builder/documents/theme-document.php:45
Stack trace:
#0 /home/netridig/public_html/escard.ge/wp-content/plugins/elementor-pro/modules/theme-builder/documents/theme-document.php(45): ReflectionClass->getMethod('get_site_editor...')
#1 /home/netridig/public_html/escard.ge/wp-content/plugins/elementor-pro/modules/theme-builder/documents/theme-document.php(126): ElementorPro\Modules\ThemeBuilder\Documents\Theme_Document::get_site_editor_type_bc()
#2 /home/netridig/public_html/escard.ge/wp-content/plugins/elementor/core/common/modules/finder/categories/create.php(94): ElementorPro\Modules\ThemeBuilder\Documents\Theme_Document::get_create_url()
#3 /home/netridig/public_html/escard.ge/wp-content/plugins/elementor/core/common/modules/finder/categories/create.php(67): Elementor\Core\Common\Modules\Finder\Categories\Create->create_item_url_by_document_class('ElementorPro\\Mo...')
#4 /home/netridig/public_html/escard.ge/wp-content/plugins/elementor/core/common/modules/finder/base-category.php(92): Elementor\Core\Common\Modules\Finder\Categories\Create->get_category_items()
#5 /home/netridig/public_html/escard.ge/wp-content/plugins/elementor/core/base/base-object.php(142): Elementor\Core\Common\Modules\Finder\Base_Category->get_init_settings()
#6 /home/netridig/public_html/escard.ge/wp-content/plugins/elementor/core/base/base-object.php(40): Elementor\Core\Base\Base_Object->ensure_settings()
#7 /home/netridig/public_html/escard.ge/wp-content/plugins/elementor/core/common/modules/finder/module.php(107): Elementor\Core\Base\Base_Object->get_settings()
#8 /home/netridig/public_html/escard.ge/wp-content/plugins/elementor/core/base/base-object.php(142): Elementor\Core\Common\Modules\Finder\Module->get_init_settings()
#9 /home/netridig/public_html/escard.ge/wp-content/plugins/elementor/core/base/base-object.php(40): Elementor\Core\Base\Base_Object->ensure_settings()
#10 /home/netridig/public_html/escard.ge/wp-content/plugins/elementor/core/base/app.php(59): Elementor\Core\Base\Base_Object->get_settings()
#11 /home/netridig/public_html/escard.ge/wp-content/plugins/elementor/core/base/app.php(36): Elementor\Core\Base\App->get_components_config()
#12 /home/netridig/public_html/escard.ge/wp-content/plugins/elementor/core/common/app.php(153): Elementor\Core\Base\App->print_config()
#13 /home/netridig/public_html/escard.ge/wp-includes/class-wp-hook.php(307): Elementor\Core\Common\App->register_scripts('toplevel_page_e...')
#14 /home/netridig/public_html/escard.ge/wp-includes/class-wp-hook.php(331): WP_Hook->apply_filters(NULL, Array)
#15 /home/netridig/public_html/escard.ge/wp-includes/plugin.php(476): WP_Hook->do_action(Array)
#16 /home/netridig/public_html/escard.ge/wp-admin/admin-header.php(118): do_action('admin_enqueue_s...', 'toplevel_page_e...')
#17 /home/netridig/public_html/escard.ge/wp-admin/admin.php(239): require_once('/home/netridig/...')
#18 {main}
  thrown in /home/netridig/public_html/escard.ge/wp-content/plugins/elementor-pro/modules/theme-builder/documents/theme-document.php on line 45
[08-Aug-2022 10:47:31 UTC] PHP Deprecated:  Function _register_controls is <strong>deprecated</strong> since version 3.1.0! Use Elementor\Controls_Stack::register_controls() instead. in /home/netridig/public_html/escard.ge/wp-includes/functions.php on line 5379
[08-Aug-2022 10:47:31 UTC] PHP Deprecated:  Function _register_controls is <strong>deprecated</strong> since version 3.1.0! Use Elementor\Controls_Stack::register_controls() instead. in /home/netridig/public_html/escard.ge/wp-includes/functions.php on line 5379
[08-Aug-2022 10:47:31 UTC] PHP Deprecated:  Function _register_controls is <strong>deprecated</strong> since version 3.1.0! Use Elementor\Controls_Stack::register_controls() instead. in /home/netridig/public_html/escard.ge/wp-includes/functions.php on line 5379
[08-Aug-2022 10:47:31 UTC] PHP Deprecated:  Function _register_controls is <strong>deprecated</strong> since version 3.1.0! Use Elementor\Controls_Stack::register_controls() instead. in /home/netridig/public_html/escard.ge/wp-includes/functions.php on line 5379
[08-Aug-2022 10:47:31 UTC] PHP Deprecated:  Function _register_controls is <strong>deprecated</strong> since version 3.1.0! Use Elementor\Controls_Stack::register_controls() instead. in /home/netridig/public_html/escard.ge/wp-includes/functions.php on line 5379
[08-Aug-2022 10:47:31 UTC] PHP Deprecated:  Function _register_controls is <strong>deprecated</strong> since version 3.1.0! Use Elementor\Controls_Stack::register_controls() instead. in /home/netridig/public_html/escard.ge/wp-includes/functions.php on line 5379
[08-Aug-2022 10:47:31 UTC] PHP Deprecated:  Function _register_controls is <strong>deprecated</strong> since version 3.1.0! Use Elementor\Controls_Stack::register_controls() instead. in /home/netridig/public_html/escard.ge/wp-includes/functions.php on line 5379
[08-Aug-2022 10:47:31 UTC] PHP Deprecated:  Function _register_controls is <strong>deprecated</strong> since version 3.1.0! Use Elementor\Controls_Stack::register_controls() instead. in /home/netridig/public_html/escard.ge/wp-includes/functions.php on line 5379
[08-Aug-2022 10:47:31 UTC] PHP Deprecated:  Function _register_controls is <strong>deprecated</strong> since version 3.1.0! Use Elementor\Controls_Stack::register_controls() instead. in /home/netridig/public_html/escard.ge/wp-includes/functions.php on line 5379
[08-Aug-2022 10:47:31 UTC] PHP Deprecated:  Function _register_controls is <strong>deprecated</strong> since version 3.1.0! Use Elementor\Controls_Stack::register_controls() instead. in /home/netridig/public_html/escard.ge/wp-includes/functions.php on line 5379
[08-Aug-2022 10:50:10 UTC] PHP Deprecated:  Function _register_controls is <strong>deprecated</strong> since version 3.1.0! Use Elementor\Controls_Stack::register_controls() instead. in /home/netridig/public_html/escard.ge/wp-includes/functions.php on line 5379
[08-Aug-2022 10:50:10 UTC] PHP Deprecated:  Function _register_controls is <strong>deprecated</strong> since version 3.1.0! Use Elementor\Controls_Stack::register_controls() instead. in /home/netridig/public_html/escard.ge/wp-includes/functions.php on line 5379
[08-Aug-2022 10:50:10 UTC] PHP Deprecated:  Function _register_controls is <strong>deprecated</strong> since version 3.1.0! Use Elementor\Controls_Stack::register_controls() instead. in /home/netridig/public_html/escard.ge/wp-includes/functions.php on line 5379
[08-Aug-2022 10:50:10 UTC] PHP Deprecated:  Function _register_controls is <strong>deprecated</strong> since version 3.1.0! Use Elementor\Controls_Stack::register_controls() instead. in /home/netridig/public_html/escard.ge/wp-includes/functions.php on line 5379
[08-Aug-2022 10:50:10 UTC] PHP Deprecated:  Function _register_controls is <strong>deprecated</strong> since version 3.1.0! Use Elementor\Controls_Stack::register_controls() instead. in /home/netridig/public_html/escard.ge/wp-includes/functions.php on line 5379
[08-Aug-2022 10:50:10 UTC] PHP Deprecated:  Function _register_controls is <strong>deprecated</strong> since version 3.1.0! Use Elementor\Controls_Stack::register_controls() instead. in /home/netridig/public_html/escard.ge/wp-includes/functions.php on line 5379
[08-Aug-2022 10:50:10 UTC] PHP Deprecated:  Function _register_controls is <strong>deprecated</strong> since version 3.1.0! Use Elementor\Controls_Stack::register_controls() instead. in /home/netridig/public_html/escard.ge/wp-includes/functions.php on line 5379
[08-Aug-2022 10:50:10 UTC] PHP Deprecated:  Function _register_controls is <strong>deprecated</strong> since version 3.1.0! Use Elementor\Controls_Stack::register_controls() instead. in /home/netridig/public_html/escard.ge/wp-includes/functions.php on line 5379
[08-Aug-2022 10:50:10 UTC] PHP Deprecated:  Function _register_controls is <strong>deprecated</strong> since version 3.1.0! Use Elementor\Controls_Stack::register_controls() instead. in /home/netridig/public_html/escard.ge/wp-includes/functions.php on line 5379
[08-Aug-2022 10:50:10 UTC] PHP Deprecated:  Function _register_controls is <strong>deprecated</strong> since version 3.1.0! Use Elementor\Controls_Stack::register_controls() instead. in /home/netridig/public_html/escard.ge/wp-includes/functions.php on line 5379
[29-Nov-2022 13:49:40 UTC] PHP Deprecated:  Required parameter $field_id follows optional parameter $type in /home/netridig/public_html/escard.ge/wp-content/plugins/mofect-onsite-search/inc/metabox/includes/rest-api/CMB2_REST.php on line 764
[29-Nov-2022 13:49:40 UTC] PHP Deprecated:  Required parameter $field_id follows optional parameter $type in /home/netridig/public_html/escard.ge/wp-content/plugins/mofect-onsite-search/inc/metabox/includes/rest-api/CMB2_REST.php on line 764
[29-Nov-2022 13:49:41 UTC] PHP Deprecated:  Required parameter $field_id follows optional parameter $type in /home/netridig/public_html/escard.ge/wp-content/plugins/mofect-onsite-search/inc/metabox/includes/rest-api/CMB2_REST.php on line 764
[29-Nov-2022 13:49:41 UTC] PHP Warning:  Undefined variable $placeholders in /home/netridig/public_html/escard.ge/wp-content/plugins/translatepress-multilingual/includes/queries/class-query.php on line 1064
[29-Nov-2022 13:49:41 UTC] PHP Fatal error:  Uncaught TypeError: implode(): Argument #1 ($pieces) must be of type array, string given in /home/netridig/public_html/escard.ge/wp-content/plugins/translatepress-multilingual/includes/queries/class-query.php:1064
Stack trace:
#0 /home/netridig/public_html/escard.ge/wp-content/plugins/translatepress-multilingual/includes/queries/class-query.php(1064): implode(', ', NULL)
#1 /home/netridig/public_html/escard.ge/wp-content/plugins/translatepress-multilingual/includes/class-editor-api-regular-strings.php(369): TRP_Query->update_translation_blocks_by_original(Array, Array, 2)
#2 /home/netridig/public_html/escard.ge/wp-includes/class-wp-hook.php(306): TRP_Editor_Api_Regular_Strings->split_translation_block()
#3 /home/netridig/public_html/escard.ge/wp-includes/class-wp-hook.php(332): WP_Hook->apply_filters('', Array)
#4 /home/netridig/public_html/escard.ge/wp-includes/plugin.php(517): WP_Hook->do_action(Array)
#5 /home/netridig/public_html/escard.ge/wp-admin/admin-ajax.php(188): do_action('wp_ajax_trp_spl...')
#6 {main}
  thrown in /home/netridig/public_html/escard.ge/wp-content/plugins/translatepress-multilingual/includes/queries/class-query.php on line 1064
[29-Nov-2022 13:49:55 UTC] PHP Deprecated:  Required parameter $field_id follows optional parameter $type in /home/netridig/public_html/escard.ge/wp-content/plugins/mofect-onsite-search/inc/metabox/includes/rest-api/CMB2_REST.php on line 764
[29-Nov-2022 13:50:12 UTC] PHP Deprecated:  Required parameter $field_id follows optional parameter $type in /home/netridig/public_html/escard.ge/wp-content/plugins/mofect-onsite-search/inc/metabox/includes/rest-api/CMB2_REST.php on line 764
[29-Nov-2022 13:50:12 UTC] PHP Warning:  Cannot modify header information - headers already sent by (output started at /home/netridig/public_html/escard.ge/wp-includes/functions.php:5835) in /home/netridig/public_html/escard.ge/wp-admin/includes/misc.php on line 1416
[29-Nov-2022 13:50:12 UTC] PHP Warning:  Cannot modify header information - headers already sent by (output started at /home/netridig/public_html/escard.ge/wp-includes/functions.php:5835) in /home/netridig/public_html/escard.ge/wp-includes/functions.php on line 6865
[29-Nov-2022 13:50:14 UTC] PHP Deprecated:  Required parameter $field_id follows optional parameter $type in /home/netridig/public_html/escard.ge/wp-content/plugins/mofect-onsite-search/inc/metabox/includes/rest-api/CMB2_REST.php on line 764
[29-Nov-2022 13:50:14 UTC] PHP Deprecated:  Required parameter $field_id follows optional parameter $type in /home/netridig/public_html/escard.ge/wp-content/plugins/mofect-onsite-search/inc/metabox/includes/rest-api/CMB2_REST.php on line 764
[29-Nov-2022 13:50:15 UTC] PHP Deprecated:  Function _register_controls is <strong>deprecated</strong> since version 3.1.0! Use Elementor\Controls_Stack::register_controls() instead. in /home/netridig/public_html/escard.ge/wp-includes/functions.php on line 5383
[29-Nov-2022 13:50:15 UTC] PHP Deprecated:  Function _register_controls is <strong>deprecated</strong> since version 3.1.0! Use Elementor\Controls_Stack::register_controls() instead. in /home/netridig/public_html/escard.ge/wp-includes/functions.php on line 5383
[29-Nov-2022 13:50:15 UTC] PHP Deprecated:  Function _register_controls is <strong>deprecated</strong> since version 3.1.0! Use Elementor\Controls_Stack::register_controls() instead. in /home/netridig/public_html/escard.ge/wp-includes/functions.php on line 5383
[29-Nov-2022 13:50:15 UTC] PHP Deprecated:  Function _register_controls is <strong>deprecated</strong> since version 3.1.0! Use Elementor\Controls_Stack::register_controls() instead. in /home/netridig/public_html/escard.ge/wp-includes/functions.php on line 5383
[29-Nov-2022 13:50:15 UTC] PHP Deprecated:  Function _register_controls is <strong>deprecated</strong> since version 3.1.0! Use Elementor\Controls_Stack::register_controls() instead. in /home/netridig/public_html/escard.ge/wp-includes/functions.php on line 5383
[29-Nov-2022 13:50:15 UTC] PHP Deprecated:  Function _register_controls is <strong>deprecated</strong> since version 3.1.0! Use Elementor\Controls_Stack::register_controls() instead. in /home/netridig/public_html/escard.ge/wp-includes/functions.php on line 5383
[29-Nov-2022 13:50:15 UTC] PHP Deprecated:  Function _register_controls is <strong>deprecated</strong> since version 3.1.0! Use Elementor\Controls_Stack::register_controls() instead. in /home/netridig/public_html/escard.ge/wp-includes/functions.php on line 5383
[29-Nov-2022 13:50:15 UTC] PHP Deprecated:  Function _register_controls is <strong>deprecated</strong> since version 3.1.0! Use Elementor\Controls_Stack::register_controls() instead. in /home/netridig/public_html/escard.ge/wp-includes/functions.php on line 5383
[29-Nov-2022 13:50:15 UTC] PHP Deprecated:  Function _register_controls is <strong>deprecated</strong> since version 3.1.0! Use Elementor\Controls_Stack::register_controls() instead. in /home/netridig/public_html/escard.ge/wp-includes/functions.php on line 5383
[29-Nov-2022 13:50:15 UTC] PHP Deprecated:  Function _register_controls is <strong>deprecated</strong> since version 3.1.0! Use Elementor\Controls_Stack::register_controls() instead. in /home/netridig/public_html/escard.ge/wp-includes/functions.php on line 5383
[29-Nov-2022 13:50:16 UTC] PHP Warning:  Cannot modify header information - headers already sent by (output started at /home/netridig/public_html/escard.ge/wp-includes/functions.php:5835) in /home/netridig/public_html/escard.ge/wp-includes/rest-api/class-wp-rest-server.php on line 1752
[29-Nov-2022 13:50:16 UTC] PHP Warning:  Cannot modify header information - headers already sent by (output started at /home/netridig/public_html/escard.ge/wp-includes/functions.php:5835) in /home/netridig/public_html/escard.ge/wp-includes/rest-api/class-wp-rest-server.php on line 1752
[29-Nov-2022 13:50:16 UTC] PHP Warning:  Cannot modify header information - headers already sent by (output started at /home/netridig/public_html/escard.ge/wp-includes/functions.php:5835) in /home/netridig/public_html/escard.ge/wp-includes/rest-api/class-wp-rest-server.php on line 1752
[29-Nov-2022 13:50:16 UTC] PHP Warning:  Cannot modify header information - headers already sent by (output started at /home/netridig/public_html/escard.ge/wp-includes/functions.php:5835) in /home/netridig/public_html/escard.ge/wp-includes/rest-api/class-wp-rest-server.php on line 1752
[29-Nov-2022 13:50:16 UTC] PHP Warning:  Cannot modify header information - headers already sent by (output started at /home/netridig/public_html/escard.ge/wp-includes/functions.php:5835) in /home/netridig/public_html/escard.ge/wp-includes/rest-api/class-wp-rest-server.php on line 1752
[29-Nov-2022 13:50:16 UTC] PHP Warning:  Cannot modify header information - headers already sent by (output started at /home/netridig/public_html/escard.ge/wp-includes/functions.php:5835) in /home/netridig/public_html/escard.ge/wp-includes/rest-api/class-wp-rest-server.php on line 1752
[29-Nov-2022 13:50:16 UTC] PHP Warning:  Cannot modify header information - headers already sent by (output started at /home/netridig/public_html/escard.ge/wp-includes/functions.php:5835) in /home/netridig/public_html/escard.ge/wp-includes/rest-api/class-wp-rest-server.php on line 1752
[29-Nov-2022 13:50:16 UTC] PHP Warning:  Cannot modify header information - headers already sent by (output started at /home/netridig/public_html/escard.ge/wp-includes/functions.php:5835) in /home/netridig/public_html/escard.ge/wp-includes/rest-api/class-wp-rest-server.php on line 1752
[29-Nov-2022 13:50:16 UTC] PHP Warning:  Cannot modify header information - headers already sent by (output started at /home/netridig/public_html/escard.ge/wp-includes/functions.php:5835) in /home/netridig/public_html/escard.ge/wp-includes/rest-api/class-wp-rest-server.php on line 1776
[29-Nov-2022 13:50:16 UTC] PHP Warning:  Cannot modify header information - headers already sent by (output started at /home/netridig/public_html/escard.ge/wp-includes/functions.php:5835) in /home/netridig/public_html/escard.ge/wp-includes/rest-api/class-wp-rest-server.php on line 1752
[29-Nov-2022 13:50:16 UTC] PHP Warning:  Cannot modify header information - headers already sent by (output started at /home/netridig/public_html/escard.ge/wp-includes/functions.php:5835) in /home/netridig/public_html/escard.ge/wp-includes/rest-api/class-wp-rest-server.php on line 1752
[29-Nov-2022 13:50:28 UTC] PHP Deprecated:  Required parameter $field_id follows optional parameter $type in /home/netridig/public_html/escard.ge/wp-content/plugins/mofect-onsite-search/inc/metabox/includes/rest-api/CMB2_REST.php on line 764
[29-Nov-2022 13:50:31 UTC] PHP Deprecated:  Required parameter $field_id follows optional parameter $type in /home/netridig/public_html/escard.ge/wp-content/plugins/mofect-onsite-search/inc/metabox/includes/rest-api/CMB2_REST.php on line 764
[29-Nov-2022 13:50:34 UTC] PHP Deprecated:  Required parameter $field_id follows optional parameter $type in /home/netridig/public_html/escard.ge/wp-content/plugins/mofect-onsite-search/inc/metabox/includes/rest-api/CMB2_REST.php on line 764
[29-Nov-2022 13:50:40 UTC] PHP Deprecated:  Required parameter $field_id follows optional parameter $type in /home/netridig/public_html/escard.ge/wp-content/plugins/mofect-onsite-search/inc/metabox/includes/rest-api/CMB2_REST.php on line 764
[29-Nov-2022 13:50:43 UTC] PHP Deprecated:  Required parameter $field_id follows optional parameter $type in /home/netridig/public_html/escard.ge/wp-content/plugins/mofect-onsite-search/inc/metabox/includes/rest-api/CMB2_REST.php on line 764
