2024-05-04T08:29:44+00:00 INFO Process subscription, order id: 5749
2024-05-04T08:29:44+00:00 INFO Using merchant account GEL
2024-05-04T08:29:44+00:00 INFO Capture a saved card...
2024-05-04T08:29:48+00:00 ERROR Charging a saved card failed Response: {"TRANSACTION_ID":"mkuBj2dEdw0W4sLMeIT6EewNWWk=","RESULT":"FAILED","RESULT_CODE":"116"}
2024-05-04T08:29:48+00:00 INFO  TBC capture saved card failed! transaction id: mkuBj2dEdw0W4sLMeIT6EewNWWk=, order id: 5749
2024-05-04T08:29:48+00:00 INFO Process subscription, order id: 5717
2024-05-04T08:29:48+00:00 INFO Using merchant account GEL
2024-05-04T08:29:48+00:00 INFO Capture a saved card...
2024-05-04T08:29:53+00:00 ERROR Charging a saved card failed Response: {"TRANSACTION_ID":"PnSizBwxaP919rRskj3OePCxZo4=","RESULT":"FAILED","RESULT_CODE":"102"}
2024-05-04T08:29:53+00:00 INFO  TBC capture saved card failed! transaction id: PnSizBwxaP919rRskj3OePCxZo4=, order id: 5717
2024-05-04T08:43:47+00:00 INFO Process subscription, order id: 5750
2024-05-04T08:43:47+00:00 INFO Using merchant account GEL
2024-05-04T08:43:47+00:00 INFO Capture a saved card...
2024-05-04T08:43:53+00:00 INFO  TBC capture saved card complete! transaction id: AoQSmUp3X9SBgq0kilh68sShgdY=, order id: 5750
2024-05-04T08:43:54+00:00 INFO Process subscription, order id: 5751
2024-05-04T08:43:54+00:00 INFO Using merchant account GEL
2024-05-04T08:43:54+00:00 INFO Capture a saved card...
2024-05-04T08:43:57+00:00 ERROR Charging a saved card failed Response: {"TRANSACTION_ID":"k0fFVfFzZzOdxxzgiUKhOow364I=","RESULT":"FAILED","RESULT_CODE":"116"}
2024-05-04T08:43:57+00:00 INFO  TBC capture saved card failed! transaction id: k0fFVfFzZzOdxxzgiUKhOow364I=, order id: 5751
2024-05-04T08:57:40+00:00 INFO Process subscription, order id: 5752
2024-05-04T08:57:40+00:00 INFO Using merchant account GEL
2024-05-04T08:57:40+00:00 INFO Capture a saved card...
2024-05-04T08:57:45+00:00 INFO  TBC capture saved card complete! transaction id: L5U9lPexzj6yoTucA0s8Gz9QPSA=, order id: 5752
2024-05-04T09:23:43+00:00 INFO Process subscription, order id: 5753
2024-05-04T09:23:43+00:00 INFO Using merchant account GEL
2024-05-04T09:23:43+00:00 INFO Capture a saved card...
2024-05-04T09:23:48+00:00 INFO  TBC capture saved card complete! transaction id: ENPZr8HhhpQwgsFae1FWvPVc4lg=, order id: 5753
2024-05-04T09:52:40+00:00 INFO Process subscription, order id: 5754
2024-05-04T09:52:40+00:00 INFO Using merchant account GEL
2024-05-04T09:52:40+00:00 INFO Capture a saved card...
2024-05-04T09:52:46+00:00 INFO  TBC capture saved card complete! transaction id: fPH1Jdqcmt3HxqEjDWiDnsDgPLk=, order id: 5754
2024-05-04T09:52:46+00:00 INFO Process subscription, order id: 5755
2024-05-04T09:52:46+00:00 INFO Using merchant account GEL
2024-05-04T09:52:46+00:00 INFO Capture a saved card...
2024-05-04T09:52:51+00:00 INFO  TBC capture saved card complete! transaction id: BCqE4J8MgkhrDxOHtk72rqTgPdc=, order id: 5755
2024-05-04T09:52:51+00:00 INFO Process subscription, order id: 5756
2024-05-04T09:52:51+00:00 INFO Using merchant account GEL
2024-05-04T09:52:51+00:00 INFO Capture a saved card...
2024-05-04T09:52:56+00:00 INFO  TBC capture saved card complete! transaction id: 7BwLpqOcgsIV4nDphEhA4SQsEOM=, order id: 5756
2024-05-04T10:30:25+00:00 INFO Process subscription, order id: 5757
2024-05-04T10:30:25+00:00 INFO Using merchant account GEL
2024-05-04T10:30:25+00:00 INFO Capture a saved card...
2024-05-04T10:30:30+00:00 INFO  TBC capture saved card complete! transaction id: EGZYrHQE45iPZRdbJa49Xkb4ev4=, order id: 5757
2024-05-04T11:52:23+00:00 INFO Process subscription, order id: 5758
2024-05-04T11:52:23+00:00 INFO Using merchant account GEL
2024-05-04T11:52:23+00:00 INFO Capture a saved card...
2024-05-04T11:53:11+00:00 INFO  TBC capture saved card complete! transaction id: 1pM6h8Q9hFl2M51U9GpFKtHO1i0=, order id: 5758
2024-05-04T12:31:16+00:00 INFO Process subscription, order id: 5759
2024-05-04T12:31:16+00:00 INFO Using merchant account GEL
2024-05-04T12:31:16+00:00 INFO Capture a saved card...
2024-05-04T12:31:19+00:00 ERROR Charging a saved card failed Response: {"TRANSACTION_ID":"yJ7TAHVVgvV7ljYvpBibOcuHu5Y=","RESULT":"FAILED","RESULT_CODE":"116"}
2024-05-04T12:31:19+00:00 INFO  TBC capture saved card failed! transaction id: yJ7TAHVVgvV7ljYvpBibOcuHu5Y=, order id: 5759
2024-05-04T14:30:27+00:00 INFO Process subscription, order id: 5760
2024-05-04T14:30:27+00:00 INFO Process subscription, order id: 5761
2024-05-04T14:30:27+00:00 INFO Using merchant account GEL
2024-05-04T14:30:27+00:00 INFO Capture a saved card...
2024-05-04T14:30:34+00:00 INFO  TBC capture saved card complete! transaction id: TMr3pLZtRG0ACJZGV4KhmJ8YQUk=, order id: 5761
2024-05-04T14:30:34+00:00 INFO Process subscription, order id: 5762
2024-05-04T14:30:34+00:00 INFO Using merchant account GEL
2024-05-04T14:30:34+00:00 INFO Capture a saved card...
2024-05-04T14:30:37+00:00 ERROR Charging a saved card failed Response: {"TRANSACTION_ID":"SGUFq03rOG5QUzyaTuyLKA5Y5BE=","RESULT":"FAILED","RESULT_CODE":"116"}
2024-05-04T14:30:37+00:00 INFO  TBC capture saved card failed! transaction id: SGUFq03rOG5QUzyaTuyLKA5Y5BE=, order id: 5762
2024-05-04T14:57:11+00:00 INFO Process subscription, order id: 5763
2024-05-04T14:57:11+00:00 INFO Using merchant account GEL
2024-05-04T14:57:11+00:00 INFO Capture a saved card...
2024-05-04T14:57:17+00:00 INFO  TBC capture saved card complete! transaction id: 4SN3nnfbv01v5B2WpRQourNxjt8=, order id: 5763
2024-05-04T17:07:24+00:00 INFO Process subscription, order id: 5764
2024-05-04T17:30:29+00:00 INFO Process subscription, order id: 5765
2024-05-04T17:30:29+00:00 INFO Using merchant account GEL
2024-05-04T17:30:29+00:00 INFO Capture a saved card...
2024-05-04T17:30:34+00:00 INFO  TBC capture saved card complete! transaction id: XxoSu6S3YUEC6fmTkbgZG6JEHEo=, order id: 5765
2024-05-04T17:47:10+00:00 INFO Process subscription, order id: 5766
2024-05-04T17:47:10+00:00 INFO Using merchant account GEL
2024-05-04T17:47:10+00:00 INFO Capture a saved card...
2024-05-04T17:47:15+00:00 INFO  TBC capture saved card complete! transaction id: ryxEMxC7RmIcudg27YUbQ1xmnBA=, order id: 5766
2024-05-04T20:30:27+00:00 INFO Process subscription, order id: 5749
2024-05-04T20:30:27+00:00 INFO Using merchant account GEL
2024-05-04T20:30:27+00:00 INFO Capture a saved card...
2024-05-04T20:30:33+00:00 ERROR Charging a saved card failed Response: {"TRANSACTION_ID":"fPHwITQ2gUCSONUy2MoywsdqgG4=","RESULT":"FAILED","RESULT_CODE":"116"}
2024-05-04T20:30:33+00:00 INFO  TBC capture saved card failed! transaction id: fPHwITQ2gUCSONUy2MoywsdqgG4=, order id: 5749
2024-05-04T20:49:23+00:00 INFO Process subscription, order id: 5767
2024-05-04T20:49:23+00:00 INFO Using merchant account GEL
2024-05-04T20:49:23+00:00 INFO Capture a saved card...
2024-05-04T20:49:27+00:00 INFO  TBC capture saved card complete! transaction id: P30mGbS9fKK3dXeuGbh6wcWOwpE=, order id: 5767
2024-05-04T20:49:27+00:00 INFO Process subscription, order id: 5751
2024-05-04T20:49:27+00:00 INFO Using merchant account GEL
2024-05-04T20:49:27+00:00 INFO Capture a saved card...
2024-05-04T20:49:33+00:00 ERROR Charging a saved card failed Response: {"TRANSACTION_ID":"yvgH0LSSxTT2NPTPgAxFgtGnYWk=","RESULT":"FAILED","RESULT_CODE":"116"}
2024-05-04T20:49:33+00:00 INFO  TBC capture saved card failed! transaction id: yvgH0LSSxTT2NPTPgAxFgtGnYWk=, order id: 5751
2024-05-04T21:30:28+00:00 INFO Process subscription, order id: 5768
2024-05-04T21:30:28+00:00 INFO Using merchant account GEL
2024-05-04T21:30:28+00:00 INFO Capture a saved card...
2024-05-04T21:30:32+00:00 ERROR Charging a saved card failed Response: {"TRANSACTION_ID":"a3nSSU5G4SPUhqzwd3A0HiUiABk=","RESULT":"FAILED","RESULT_CODE":"116"}
2024-05-04T21:30:32+00:00 INFO  TBC capture saved card failed! transaction id: a3nSSU5G4SPUhqzwd3A0HiUiABk=, order id: 5768
2024-05-04T21:30:33+00:00 INFO Checking transaction status for order id: 5703, merchant: GEL, before automatic woo cancel system marks it canceled.
2024-05-04T21:30:33+00:00 ERROR TBC did not return OK: {"RESULT":"TIMEOUT","RECC_PMNT_ID":"tWlBhbd1Hqc6wime","RECC_PMNT_EXPIRY":"1229"}
2024-05-04T23:28:32+00:00 INFO Process subscription, order id: 5769
