2024-05-19T06:03:23+00:00 INFO Using merchant account GEL
2024-05-19T06:03:23+00:00 INFO Order id: 5929 - amount: 15 981, language: GE
2024-05-19T06:03:23+00:00 INFO Capture and save...
2024-05-19T06:03:23+00:00 INFO Success ~ Order id: 5929 -> transaction id: 1Yblh1ljDLICPLRTOSdFFmyin44= obtained successfully, payment action: capture_and_save, redirecting...
2024-05-19T06:06:10+00:00 ERROR Technical failure in ECOMM system
2024-05-19T06:06:22+00:00 ERROR Technical failure in ECOMM system
2024-05-19T06:07:40+00:00 INFO Using merchant account GEL
2024-05-19T06:07:40+00:00 INFO Order id: 5929 - amount: 15 981, language: GE
2024-05-19T06:07:40+00:00 INFO Capture and save...
2024-05-19T06:07:40+00:00 INFO Success ~ Order id: 5929 -> transaction id: fpVtafKTFJ9a4ZQjpFcS3sqfuJk= obtained successfully, payment action: capture_and_save, redirecting...
2024-05-19T06:08:25+00:00 NOTICE Icomming from TBC
2024-05-19T06:08:25+00:00 INFO Checking transaction status for order id: 5929, merchant: GEL
2024-05-19T06:08:25+00:00 INFO Card saved!
2024-05-19T06:08:29+00:00 INFO  TBC capture complete! Card saved! transaction id: fpVtafKTFJ9a4ZQjpFcS3sqfuJk=, order id: 5929
2024-05-19T08:50:04+00:00 INFO Using merchant account GEL
2024-05-19T08:50:04+00:00 INFO Order id: 5932 - amount: 15 981, language: GE
2024-05-19T08:50:04+00:00 INFO Capture and save...
2024-05-19T08:50:04+00:00 INFO Success ~ Order id: 5932 -> transaction id: K3zihrjZxqhXXRTWmu8DTT19XKw= obtained successfully, payment action: capture_and_save, redirecting...
2024-05-19T09:33:28+00:00 INFO Process subscription, order id: 5901
2024-05-19T12:42:45+00:00 INFO Using merchant account GEL
2024-05-19T12:42:45+00:00 INFO Order id: 5934 - amount: 15 981, language: GE
2024-05-19T12:42:45+00:00 INFO Capture and save...
2024-05-19T12:42:46+00:00 INFO Success ~ Order id: 5934 -> transaction id: Uymx4IalaFtbeP5PJpB4slgqfK4= obtained successfully, payment action: capture_and_save, redirecting...
2024-05-19T12:43:48+00:00 NOTICE Icomming from TBC
2024-05-19T12:43:48+00:00 INFO Checking transaction status for order id: 5934, merchant: GEL
2024-05-19T12:43:49+00:00 INFO Card saved!
2024-05-19T12:43:53+00:00 INFO  TBC capture complete! Card saved! transaction id: Uymx4IalaFtbeP5PJpB4slgqfK4=, order id: 5934
2024-05-19T14:22:45+00:00 NOTICE Icomming from TBC
2024-05-19T14:22:45+00:00 INFO Checking transaction status for order id: 5932, merchant: GEL
2024-05-19T14:22:45+00:00 ERROR TBC did not return OK: {"RESULT":"TIMEOUT","RECC_PMNT_ID":"Bb4EE77Pb8qeBVoJ","RECC_PMNT_EXPIRY":"1229"}
2024-05-19T15:32:25+00:00 INFO Process subscription, order id: 5936
2024-05-19T15:32:25+00:00 INFO Using merchant account GEL
2024-05-19T15:32:25+00:00 INFO Capture a saved card...
2024-05-19T15:32:31+00:00 INFO  TBC capture saved card complete! transaction id: qhjdY8DP2P9pQTo8VETRr5aSQoc=, order id: 5936
2024-05-19T18:00:35+00:00 INFO Process subscription, order id: 5937
2024-05-19T18:00:35+00:00 INFO Using merchant account GEL
2024-05-19T18:00:35+00:00 INFO Capture a saved card...
2024-05-19T18:00:41+00:00 INFO  TBC capture saved card complete! transaction id: XtrZSX1eagc8oREz38N3orTg38w=, order id: 5937
