2024-05-11T00:18:25+00:00 INFO Process subscription, order id: 5828
2024-05-11T00:18:25+00:00 INFO Using merchant account GEL
2024-05-11T00:18:25+00:00 INFO Capture a saved card...
2024-05-11T00:18:31+00:00 INFO  TBC capture saved card complete! transaction id: AemwJOyW2zDGCg4WY4SlGrcMmWU=, order id: 5828
2024-05-11T02:29:43+00:00 INFO Process subscription, order id: 5817
2024-05-11T02:29:43+00:00 INFO Using merchant account GEL
2024-05-11T02:29:43+00:00 INFO Capture a saved card...
2024-05-11T02:29:48+00:00 ERROR Charging a saved card failed Response: {"TRANSACTION_ID":"DLSpzCmWm4SqTnbj9PSgPZ3KifE=","RESULT":"FAILED","RESULT_CODE":"116"}
2024-05-11T02:29:48+00:00 INFO  TBC capture saved card failed! transaction id: DLSpzCmWm4SqTnbj9PSgPZ3KifE=, order id: 5817
2024-05-11T06:32:27+00:00 INFO Process subscription, order id: 5826
2024-05-11T06:32:27+00:00 INFO Using merchant account GEL
2024-05-11T06:32:27+00:00 INFO Capture a saved card...
2024-05-11T06:32:32+00:00 ERROR Charging a saved card failed Response: {"TRANSACTION_ID":"Ei1IPcHbdyP293mcyKEFC0W4xw0=","RESULT":"FAILED","RESULT_CODE":"116"}
2024-05-11T06:32:32+00:00 INFO  TBC capture saved card failed! transaction id: Ei1IPcHbdyP293mcyKEFC0W4xw0=, order id: 5826
2024-05-11T09:13:30+00:00 INFO Process subscription, order id: 5751
2024-05-11T09:13:30+00:00 INFO Using merchant account GEL
2024-05-11T09:13:30+00:00 INFO Capture a saved card...
2024-05-11T09:13:35+00:00 ERROR Charging a saved card failed Response: {"TRANSACTION_ID":"L144CHlK1tnjAXjuqtLWXRgtDI4=","RESULT":"FAILED","RESULT_CODE":"116"}
2024-05-11T09:13:35+00:00 INFO  TBC capture saved card failed! transaction id: L144CHlK1tnjAXjuqtLWXRgtDI4=, order id: 5751
2024-05-11T10:32:28+00:00 INFO Process subscription, order id: 5827
2024-05-11T10:32:28+00:00 INFO Using merchant account GEL
2024-05-11T10:32:28+00:00 INFO Capture a saved card...
2024-05-11T10:32:34+00:00 ERROR Charging a saved card failed Response: {"TRANSACTION_ID":"KVyv06yo6QuYdHkNN1gkPKue6nI=","RESULT":"FAILED","RESULT_CODE":"116"}
2024-05-11T10:32:34+00:00 INFO  TBC capture saved card failed! transaction id: KVyv06yo6QuYdHkNN1gkPKue6nI=, order id: 5827
2024-05-11T13:01:30+00:00 INFO Process subscription, order id: 5829
2024-05-11T13:01:31+00:00 INFO Using merchant account GEL
2024-05-11T13:01:31+00:00 INFO Capture a saved card...
2024-05-11T13:01:36+00:00 INFO  TBC capture saved card complete! transaction id: iMN5TmKLOhqA4SHIQXYJZGX7wCg=, order id: 5829
2024-05-11T13:09:58+00:00 INFO Process subscription, order id: 5759
2024-05-11T13:09:58+00:00 INFO Using merchant account GEL
2024-05-11T13:09:58+00:00 INFO Capture a saved card...
2024-05-11T13:10:04+00:00 ERROR Charging a saved card failed Response: {"TRANSACTION_ID":"LVfq4H6zGkM5eFQsYHVJPzXeYsw=","RESULT":"FAILED","RESULT_CODE":"116"}
2024-05-11T13:10:04+00:00 INFO  TBC capture saved card failed! transaction id: LVfq4H6zGkM5eFQsYHVJPzXeYsw=, order id: 5759
2024-05-11T13:10:04+00:00 INFO Process subscription, order id: 5830
2024-05-11T13:10:04+00:00 INFO Using merchant account GEL
2024-05-11T13:10:04+00:00 INFO Capture a saved card...
2024-05-11T13:10:08+00:00 ERROR Charging a saved card failed Response: {"TRANSACTION_ID":"7jK2zMGxgPnn4kOqP2k6Tlbfbx0=","RESULT":"FAILED","RESULT_CODE":"116"}
2024-05-11T13:10:08+00:00 INFO  TBC capture saved card failed! transaction id: 7jK2zMGxgPnn4kOqP2k6Tlbfbx0=, order id: 5830
2024-05-11T15:15:35+00:00 INFO Process subscription, order id: 5762
2024-05-11T15:15:35+00:00 INFO Using merchant account GEL
2024-05-11T15:15:35+00:00 INFO Capture a saved card...
2024-05-11T15:15:42+00:00 INFO  TBC capture saved card complete! transaction id: XIe6U8a9Vp54nclBwt6eMPJGGYU=, order id: 5762
2024-05-11T17:02:50+00:00 INFO Process subscription, order id: 5802
2024-05-11T17:02:50+00:00 INFO Using merchant account GEL
2024-05-11T17:02:50+00:00 INFO Capture a saved card...
2024-05-11T17:02:56+00:00 ERROR Charging a saved card failed Response: {"TRANSACTION_ID":"KABqS5j55T6QBY73foiGd6yceW8=","RESULT":"FAILED","RESULT_CODE":"164"}
2024-05-11T17:02:56+00:00 INFO  TBC capture saved card failed! transaction id: KABqS5j55T6QBY73foiGd6yceW8=, order id: 5802
2024-05-11T18:32:43+00:00 INFO Process subscription, order id: 5826
2024-05-11T18:32:43+00:00 INFO Using merchant account GEL
2024-05-11T18:32:43+00:00 INFO Capture a saved card...
2024-05-11T18:35:52+00:00 ERROR Charging a saved card failed Response: {"TRANSACTION_ID":"6ao1XSYLKX45wbhWINunF7pCPwk=","RESULT":"FAILED","RESULT_CODE":"116"}
2024-05-11T18:35:52+00:00 INFO  TBC capture saved card failed! transaction id: 6ao1XSYLKX45wbhWINunF7pCPwk=, order id: 5826
2024-05-11T19:31:06+00:00 INFO Process subscription, order id: 5804
2024-05-11T19:31:06+00:00 INFO Using merchant account GEL
2024-05-11T19:31:06+00:00 INFO Capture a saved card...
2024-05-11T19:31:12+00:00 ERROR Charging a saved card failed Response: {"TRANSACTION_ID":"XQMzCXXvq6VBOjnHP2noSuh06Eg=","RESULT":"FAILED","RESULT_CODE":"116"}
2024-05-11T19:31:12+00:00 INFO  TBC capture saved card failed! transaction id: XQMzCXXvq6VBOjnHP2noSuh06Eg=, order id: 5804
2024-05-11T21:42:06+00:00 INFO Process subscription, order id: 5831
2024-05-11T21:42:06+00:00 INFO Using merchant account GEL
2024-05-11T21:42:06+00:00 INFO Capture a saved card...
2024-05-11T21:42:12+00:00 INFO  TBC capture saved card complete! transaction id: DYYcuzZ80eH3bEtPapr0U0uP8DI=, order id: 5831
2024-05-11T22:32:31+00:00 INFO Process subscription, order id: 5827
2024-05-11T22:32:31+00:00 INFO Using merchant account GEL
2024-05-11T22:32:31+00:00 INFO Capture a saved card...
2024-05-11T22:32:36+00:00 ERROR Charging a saved card failed Response: {"TRANSACTION_ID":"4k4p1Q0eCAlRR0OwEfTqLx0XgaU=","RESULT":"FAILED","RESULT_CODE":"116"}
2024-05-11T22:32:36+00:00 INFO  TBC capture saved card failed! transaction id: 4k4p1Q0eCAlRR0OwEfTqLx0XgaU=, order id: 5827
