2024-05-16T06:45:36+00:00 INFO Using merchant account GEL
2024-05-16T06:45:36+00:00 INFO Order id: 5867 - amount: 0 981, language: GE
2024-05-16T06:45:36+00:00 INFO Capture and save...
2024-05-16T06:45:37+00:00 INFO Success ~ Order id: 5867 -> transaction id: H88FVmiJcx3jvFn2L7rXV5e9fhE= obtained successfully, payment action: capture_and_save, redirecting...
2024-05-16T06:48:49+00:00 NOTICE Icomming from TBC
2024-05-16T06:48:49+00:00 INFO Checking transaction status for order id: 5867, merchant: GEL
2024-05-16T06:48:49+00:00 INFO Card saved!
2024-05-16T06:48:53+00:00 INFO  TBC capture complete! Card saved! transaction id: H88FVmiJcx3jvFn2L7rXV5e9fhE=, order id: 5867
2024-05-16T06:59:41+00:00 INFO Using merchant account GEL
2024-05-16T06:59:41+00:00 INFO Order id: 5869 - amount: 15 981, language: GE
2024-05-16T06:59:41+00:00 INFO Capture and save...
2024-05-16T06:59:41+00:00 INFO Success ~ Order id: 5869 -> transaction id: qTDFVpZPPug4V5xAlJajESRfEM4= obtained successfully, payment action: capture_and_save, redirecting...
2024-05-16T07:13:38+00:00 INFO Using merchant account GEL
2024-05-16T07:13:38+00:00 INFO Order id: 5871 - amount: 15 981, language: GE
2024-05-16T07:13:38+00:00 INFO Capture and save...
2024-05-16T07:13:38+00:00 INFO Success ~ Order id: 5871 -> transaction id: niK2gtm0KE87RIxJCcLxfBRxjO4= obtained successfully, payment action: capture_and_save, redirecting...
2024-05-16T07:17:24+00:00 INFO Using merchant account GEL
2024-05-16T07:17:24+00:00 INFO Order id: 5873 - amount: 15 981, language: GE
2024-05-16T07:17:24+00:00 INFO Capture and save...
2024-05-16T07:17:24+00:00 INFO Success ~ Order id: 5873 -> transaction id: CWriXYVad9pHXFUve8kH2HcclF4= obtained successfully, payment action: capture_and_save, redirecting...
2024-05-16T07:52:06+00:00 INFO Using merchant account GEL
2024-05-16T07:52:06+00:00 INFO Order id: 5875 - amount: 15 981, language: GE
2024-05-16T07:52:06+00:00 INFO Capture and save...
2024-05-16T07:52:07+00:00 INFO Success ~ Order id: 5875 -> transaction id: ovuWkU0FGLs4lYDBP3KYePr5Cew= obtained successfully, payment action: capture_and_save, redirecting...
2024-05-16T08:26:20+00:00 NOTICE Icomming from TBC
2024-05-16T08:26:20+00:00 INFO Checking transaction status for order id: 5871, merchant: GEL
2024-05-16T08:26:20+00:00 ERROR TBC did not return OK: {"RESULT":"TIMEOUT","RECC_PMNT_ID":"ctSYbaiom5rCfeJQ","RECC_PMNT_EXPIRY":"1229"}
2024-05-16T09:00:32+00:00 INFO Using merchant account GEL
2024-05-16T09:00:32+00:00 INFO Order id: 5877 - amount: 15 981, language: GE
2024-05-16T09:00:32+00:00 INFO Capture and save...
2024-05-16T09:00:33+00:00 INFO Success ~ Order id: 5877 -> transaction id: xxEP74BljP16EW3QUzcbRMVaCPI= obtained successfully, payment action: capture_and_save, redirecting...
2024-05-16T09:17:27+00:00 INFO Process subscription, order id: 5864
2024-05-16T09:17:27+00:00 INFO Using merchant account GEL
2024-05-16T09:17:27+00:00 INFO Capture a saved card...
2024-05-16T09:17:32+00:00 ERROR Charging a saved card failed Response: {"TRANSACTION_ID":"8Nc4vpNavVjDbqLBSZwCDFv5mwU=","RESULT":"FAILED","RESULT_CODE":"116"}
2024-05-16T09:17:32+00:00 INFO  TBC capture saved card failed! transaction id: 8Nc4vpNavVjDbqLBSZwCDFv5mwU=, order id: 5864
2024-05-16T11:51:24+00:00 INFO Using merchant account GEL
2024-05-16T11:51:24+00:00 INFO Order id: 5880 - amount: 15 981, language: GE
2024-05-16T11:51:24+00:00 INFO Capture and save...
2024-05-16T11:51:25+00:00 INFO Success ~ Order id: 5880 -> transaction id: STs1gJCSv09ir5dPqd5cxX5oRwA= obtained successfully, payment action: capture_and_save, redirecting...
2024-05-16T11:52:07+00:00 NOTICE Icomming from TBC
2024-05-16T11:52:07+00:00 INFO Checking transaction status for order id: 5880, merchant: GEL
2024-05-16T11:52:07+00:00 INFO Card saved!
2024-05-16T11:52:12+00:00 INFO  TBC capture complete! Card saved! transaction id: STs1gJCSv09ir5dPqd5cxX5oRwA=, order id: 5880
2024-05-16T16:49:47+00:00 INFO Using merchant account GEL
2024-05-16T16:49:47+00:00 INFO Order id: 5883 - amount: 15 981, language: GE
2024-05-16T16:49:47+00:00 INFO Capture and save...
2024-05-16T16:49:47+00:00 INFO Success ~ Order id: 5883 -> transaction id: FbXHGUDqgiPG5BoqDcrMRJGW4OM= obtained successfully, payment action: capture_and_save, redirecting...
2024-05-16T16:50:07+00:00 NOTICE Icomming from TBC
2024-05-16T16:50:07+00:00 INFO Checking transaction status for order id: 5883, merchant: GEL
2024-05-16T16:50:07+00:00 INFO Card saved!
2024-05-16T16:50:11+00:00 INFO  TBC capture complete! Card saved! transaction id: FbXHGUDqgiPG5BoqDcrMRJGW4OM=, order id: 5883
2024-05-16T17:05:10+00:00 INFO Process subscription, order id: 5885
2024-05-16T17:05:10+00:00 INFO Using merchant account GEL
2024-05-16T17:05:10+00:00 INFO Capture a saved card...
2024-05-16T17:05:15+00:00 INFO  TBC capture saved card complete! transaction id: gk1G51rb1GxH8sjXoG9PqOvfYyw=, order id: 5885
2024-05-16T17:17:14+00:00 INFO Using merchant account GEL
2024-05-16T17:17:14+00:00 INFO Order id: 5886 - amount: 15 981, language: GE
2024-05-16T17:17:14+00:00 INFO Capture and save...
2024-05-16T17:17:14+00:00 INFO Success ~ Order id: 5886 -> transaction id: QRvA8LAKIf1WMeSWmKVHGBm0oYw= obtained successfully, payment action: capture_and_save, redirecting...
2024-05-16T18:18:08+00:00 INFO Using merchant account GEL
2024-05-16T18:18:08+00:00 INFO Order id: 5888 - amount: 15 981, language: GE
2024-05-16T18:18:08+00:00 INFO Capture and save...
2024-05-16T18:18:08+00:00 INFO Success ~ Order id: 5888 -> transaction id: QcxYxXZOp51hWQuBP5HYw3ISpLQ= obtained successfully, payment action: capture_and_save, redirecting...
2024-05-16T18:19:10+00:00 NOTICE Icomming from TBC
2024-05-16T18:19:10+00:00 INFO Checking transaction status for order id: 5888, merchant: GEL
2024-05-16T18:19:11+00:00 INFO Card saved!
2024-05-16T18:19:19+00:00 INFO  TBC capture complete! Card saved! transaction id: QcxYxXZOp51hWQuBP5HYw3ISpLQ=, order id: 5888
2024-05-16T19:29:03+00:00 INFO Process subscription, order id: 5890
2024-05-16T19:29:03+00:00 INFO Using merchant account GEL
2024-05-16T19:29:03+00:00 INFO Capture a saved card...
2024-05-16T19:29:09+00:00 INFO  TBC capture saved card complete! transaction id: cb4znCfSH48o9euKFDFsRC1IZY8=, order id: 5890
2024-05-16T21:22:41+00:00 INFO Process subscription, order id: 5864
2024-05-16T21:22:41+00:00 INFO Using merchant account GEL
2024-05-16T21:22:41+00:00 INFO Capture a saved card...
2024-05-16T21:22:46+00:00 INFO  TBC capture saved card complete! transaction id: 7A37mKEQcdy2f4JBmJgtU7QRQvc=, order id: 5864
2024-05-16T21:33:40+00:00 INFO Using merchant account GEL
2024-05-16T21:33:40+00:00 INFO Order id: 5891 - amount: 15 981, language: GE
2024-05-16T21:33:40+00:00 INFO Capture and save...
2024-05-16T21:33:40+00:00 INFO Success ~ Order id: 5891 -> transaction id: UFh3UoqNi38N0C81WfjP8qR52Zw= obtained successfully, payment action: capture_and_save, redirecting...
2024-05-16T22:08:52+00:00 NOTICE Icomming from TBC
2024-05-16T22:08:52+00:00 INFO Checking transaction status for order id: 5891, merchant: GEL
2024-05-16T22:08:52+00:00 ERROR TBC did not return OK: {"RESULT":"TIMEOUT","RECC_PMNT_ID":"zYETtjzv06BzaV6R","RECC_PMNT_EXPIRY":"1229"}
2024-05-16T22:09:04+00:00 INFO Using merchant account GEL
2024-05-16T22:09:04+00:00 INFO Order id: 5891 - amount: 15 981, language: GE
2024-05-16T22:09:04+00:00 INFO Capture and save...
2024-05-16T22:09:04+00:00 INFO Success ~ Order id: 5891 -> transaction id: SB4oKmKRO6tXDTmhDp3z9Pk67S0= obtained successfully, payment action: capture_and_save, redirecting...
2024-05-16T22:10:19+00:00 NOTICE Icomming from TBC
2024-05-16T22:10:19+00:00 INFO Checking transaction status for order id: 5891, merchant: GEL
2024-05-16T22:10:20+00:00 INFO Card saved!
2024-05-16T22:10:24+00:00 INFO  TBC capture complete! Card saved! transaction id: SB4oKmKRO6tXDTmhDp3z9Pk67S0=, order id: 5891
2024-05-16T22:31:30+00:00 INFO Using merchant account GEL
2024-05-16T22:31:30+00:00 INFO Order id: 5894 - amount: 15 981, language: GE
2024-05-16T22:31:30+00:00 INFO Capture and save...
2024-05-16T22:31:31+00:00 INFO Success ~ Order id: 5894 -> transaction id: 1oLWMY9bblsUQIMu11CLw8Sf710= obtained successfully, payment action: capture_and_save, redirecting...
2024-05-16T23:33:10+00:00 INFO Process subscription, order id: 5841
2024-05-16T23:33:10+00:00 INFO Using merchant account GEL
2024-05-16T23:33:10+00:00 INFO Capture a saved card...
2024-05-16T23:33:16+00:00 ERROR Charging a saved card failed Response: {"TRANSACTION_ID":"gb40T1whGXnMjJnaqmwYJ2p7PjY=","RESULT":"FAILED","RESULT_CODE":"116"}
2024-05-16T23:33:16+00:00 INFO  TBC capture saved card failed! transaction id: gb40T1whGXnMjJnaqmwYJ2p7PjY=, order id: 5841
