2024-05-10T01:31:07+00:00 INFO Process subscription, order id: 5822
2024-05-10T01:31:07+00:00 INFO Using merchant account GEL
2024-05-10T01:31:07+00:00 INFO Capture a saved card...
2024-05-10T01:31:12+00:00 INFO  TBC capture saved card complete! transaction id: BgsKsKLXfUCSfbFdPlbb6GXEdlA=, order id: 5822
2024-05-10T02:19:14+00:00 INFO Process subscription, order id: 5817
2024-05-10T02:19:14+00:00 INFO Using merchant account GEL
2024-05-10T02:19:14+00:00 INFO Capture a saved card...
2024-05-10T02:19:17+00:00 ERROR Charging a saved card failed Response: {"TRANSACTION_ID":"wB5mH6vEfSlm6MZmQuxHjTzeqsI=","RESULT":"FAILED","RESULT_CODE":"116"}
2024-05-10T02:19:17+00:00 INFO  TBC capture saved card failed! transaction id: wB5mH6vEfSlm6MZmQuxHjTzeqsI=, order id: 5817
2024-05-10T11:15:42+00:00 INFO Process subscription, order id: 5790
2024-05-10T11:15:42+00:00 INFO Using merchant account GEL
2024-05-10T11:15:42+00:00 INFO Capture a saved card...
2024-05-10T11:15:47+00:00 ERROR Charging a saved card failed Response: {"TRANSACTION_ID":"FAdQ4PvevhFUw6B4dTSnpuvnv1Y=","RESULT":"FAILED","RESULT_CODE":"116"}
2024-05-10T11:15:47+00:00 INFO  TBC capture saved card failed! transaction id: FAdQ4PvevhFUw6B4dTSnpuvnv1Y=, order id: 5790
2024-05-10T14:29:24+00:00 INFO Process subscription, order id: 5825
2024-05-10T14:29:24+00:00 INFO Using merchant account GEL
2024-05-10T14:29:24+00:00 INFO Capture a saved card...
2024-05-10T14:29:29+00:00 INFO  TBC capture saved card complete! transaction id: WTbOG3S3VHWh9BiOlq9xAN4sPgE=, order id: 5825
2024-05-10T18:14:42+00:00 INFO Process subscription, order id: 5826
2024-05-10T18:14:42+00:00 INFO Using merchant account GEL
2024-05-10T18:14:42+00:00 INFO Capture a saved card...
2024-05-10T18:14:46+00:00 ERROR Charging a saved card failed Response: {"TRANSACTION_ID":"UCJSviMYorbPcAXyvpoHo3E7RLw=","RESULT":"FAILED","RESULT_CODE":"116"}
2024-05-10T18:14:46+00:00 INFO  TBC capture saved card failed! transaction id: UCJSviMYorbPcAXyvpoHo3E7RLw=, order id: 5826
2024-05-10T21:31:14+00:00 INFO Process subscription, order id: 5816
2024-05-10T21:31:14+00:00 INFO Using merchant account GEL
2024-05-10T21:31:14+00:00 INFO Capture a saved card...
2024-05-10T21:31:20+00:00 ERROR Charging a saved card failed Response: {"TRANSACTION_ID":"nr93FlUz05JZHm8lir53S8ZFnRo=","RESULT":"FAILED","RESULT_CODE":"116"}
2024-05-10T21:31:20+00:00 INFO  TBC capture saved card failed! transaction id: nr93FlUz05JZHm8lir53S8ZFnRo=, order id: 5816
2024-05-10T22:09:35+00:00 INFO Process subscription, order id: 5827
2024-05-10T22:09:35+00:00 INFO Using merchant account GEL
2024-05-10T22:09:35+00:00 INFO Capture a saved card...
2024-05-10T22:09:39+00:00 ERROR Charging a saved card failed Response: {"TRANSACTION_ID":"4zsShBIJHoC1eDflgieS2CmslGU=","RESULT":"FAILED","RESULT_CODE":"116"}
2024-05-10T22:09:39+00:00 INFO  TBC capture saved card failed! transaction id: 4zsShBIJHoC1eDflgieS2CmslGU=, order id: 5827
